<?xml version="1.0" encoding="UTF-8"?>
<robot generator="Robot 3.1.1 (Python 3.7.2 on darwin)" generated="20191013 00:17:29.413" rpa="false">
<suite id="s1" name="ImportantTest" source="/Users/reenupanwar/SampleProject/Test/ImportantTest.robot">
<test id="s1-t1" name="Verifying the title">
<kw name="Navigate to Application" type="setup">
<msg timestamp="20191013 00:17:29.463" level="FAIL">No keyword with name 'Navigate to Application' found.</msg>
<status status="FAIL" starttime="20191013 00:17:29.463" endtime="20191013 00:17:29.463"></status>
</kw>
<kw name="Close Application" type="teardown">
<msg timestamp="20191013 00:17:29.465" level="FAIL">No keyword with name 'Close Application' found.</msg>
<status status="FAIL" starttime="20191013 00:17:29.465" endtime="20191013 00:17:29.466">No keyword with name 'Close Application' found.</status>
</kw>
<tags>
<tag>SmokeTest</tag>
</tags>
<status status="FAIL" starttime="20191013 00:17:29.461" endtime="20191013 00:17:29.466" critical="yes">Setup failed:
No keyword with name 'Navigate to Application' found.

Also teardown failed:
No keyword with name 'Close Application' found.</status>
</test>
<doc>MyTests</doc>
<status status="FAIL" starttime="20191013 00:17:29.415" endtime="20191013 00:17:29.467"></status>
</suite>
<statistics>
<total>
<stat pass="0" fail="1">Critical Tests</stat>
<stat pass="0" fail="1">All Tests</stat>
</total>
<tag>
<stat pass="0" fail="1">SmokeTest</stat>
</tag>
<suite>
<stat pass="0" fail="1" id="s1" name="ImportantTest">ImportantTest</stat>
</suite>
</statistics>
<errors>
<msg timestamp="20191013 00:17:29.460" level="ERROR">Error in file '/Users/reenupanwar/SampleProject/Test/ImportantTest.robot': Importing test library '../Keyword/Elements.robot' failed: ModuleNotFoundError: No module named '.'
Traceback (most recent call last):
  None
PYTHONPATH:
  /Users/reenupanwar/SampleProject
  /Users/reenupanwar/SampleProject
  /Library/Frameworks/Python.framework/Versions/3.7/lib/python37.zip
  /Library/Frameworks/Python.framework/Versions/3.7/lib/python3.7
  /Library/Frameworks/Python.framework/Versions/3.7/lib/python3.7/lib-dynload
  /Library/Frameworks/Python.framework/Versions/3.7/lib/python3.7/site-packages</msg>
</errors>
</robot>
